<?xml version="1.0" encoding="UTF-8"?>
<!-- Generated by org.testng.reporters.JUnitReportReporter -->
<testsuite hostname="LAPTOP-M7GK49HD" failures="0" tests="4" name="api.test.UserTests" time="10.795" errors="0" timestamp="2024-05-28T00:54:49 IST" skipped="0">
  <testcase classname="api.test.UserTests" name="testPostUser" time="4.161"/>
  <testcase classname="api.test.UserTests" name="tesGetUserByName" time="1.836"/>
  <testcase classname="api.test.UserTests" name="testUpdateUserByName" time="3.200"/>
  <testcase classname="api.test.UserTests" name="testDeleteUserByName" time="1.598"/>
</testsuite> <!-- api.test.UserTests -->
