<?xml version="1.0" encoding="UTF-8"?>
<!-- Generated by org.testng.reporters.JUnitReportReporter -->
<testsuite hostname="LAPTOP-M7GK49HD" failures="0" tests="4" name="api.test.UserTests" time="11.747" errors="0" timestamp="2024-06-09T05:25:39 IST" skipped="0">
  <testcase classname="api.test.UserTests" name="testPostUser" time="4.629"/>
  <testcase classname="api.test.UserTests" name="tesGetUserByName" time="1.410"/>
  <testcase classname="api.test.UserTests" name="testUpdateUserByName" time="4.391"/>
  <testcase classname="api.test.UserTests" name="testDeleteUserByName" time="1.317"/>
</testsuite> <!-- api.test.UserTests -->
